<?xml version="1.0" encoding="UTF-8"?>
<!-- Generated by org.testng.reporters.JUnitXMLReporter -->
<testsuite hostname="Apples-Device.local" name="Command line test" tests="36" failures="0" timestamp="2 Aug 2017 12:24:39 GMT" time="0.048" errors="0">
  <testcase name="@BeforeClass initializeBrowser" time="0.0" classname="tests.HomePageTest">
    <failure type="java.lang.NullPointerException">
      <![CDATA[java.lang.NullPointerException
	at utils.BrowserFactory.initializeBrowser(BrowserFactory.java:29)
... Removed 34 stack frames]]>
    </failure>
  </testcase> <!-- @BeforeClass initializeBrowser -->
  <testcase name="@BeforeMethod openURL" time="0.0" classname="tests.HomePageTest">
    <skipped/>
  </testcase> <!-- @BeforeMethod openURL -->
  <testcase name="@BeforeClass initializeBrowser" time="0.0" classname="tests.SignInAsAuditorTest">
    <skipped/>
  </testcase> <!-- @BeforeClass initializeBrowser -->
  <testcase name="@BeforeMethod openURL" time="0.0" classname="tests.SignInAsAuditorTest">
    <skipped/>
  </testcase> <!-- @BeforeMethod openURL -->
  <testcase name="@BeforeClass initializeBrowser" time="0.0" classname="tests.SignInAsFinanceTest">
    <skipped/>
  </testcase> <!-- @BeforeClass initializeBrowser -->
  <testcase name="@BeforeClass openURL" time="0.0" classname="tests.SignInAsFinanceTest">
    <skipped/>
  </testcase> <!-- @BeforeClass openURL -->
  <testcase name="@BeforeClass initializeBrowser" time="0.0" classname="tests.SignInAsNbfcMangerTest">
    <skipped/>
  </testcase> <!-- @BeforeClass initializeBrowser -->
  <testcase name="@BeforeMethod openURL" time="0.0" classname="tests.SignInAsNbfcMangerTest">
    <skipped/>
  </testcase> <!-- @BeforeMethod openURL -->
  <testcase name="@BeforeClass initializeBrowser" time="0.0" classname="tests.SignInAsSalesTest">
    <skipped/>
  </testcase> <!-- @BeforeClass initializeBrowser -->
  <testcase name="@BeforeMethod openURL" time="0.0" classname="tests.SignInAsSalesTest">
    <skipped/>
  </testcase> <!-- @BeforeMethod openURL -->
  <testcase name="@BeforeClass initializeBrowser" time="0.0" classname="tests.SignInAsScmTest">
    <skipped/>
  </testcase> <!-- @BeforeClass initializeBrowser -->
  <testcase name="@BeforeMethod openURL" time="0.0" classname="tests.SignInAsScmTest">
    <skipped/>
  </testcase> <!-- @BeforeMethod openURL -->
  <testcase name="@BeforeMethod openURL" time="0.0" classname="tests.HomePageTest">
    <skipped/>
  </testcase> <!-- @BeforeMethod openURL -->
  <testcase name="@BeforeMethod openURL" time="0.0" classname="tests.HomePageTest">
    <skipped/>
  </testcase> <!-- @BeforeMethod openURL -->
  <testcase name="@BeforeMethod openURL" time="0.0" classname="tests.HomePageTest">
    <skipped/>
  </testcase> <!-- @BeforeMethod openURL -->
  <testcase name="@BeforeMethod openURL" time="0.0" classname="tests.HomePageTest">
    <skipped/>
  </testcase> <!-- @BeforeMethod openURL -->
  <testcase name="@BeforeMethod openURL" time="0.0" classname="tests.HomePageTest">
    <skipped/>
  </testcase> <!-- @BeforeMethod openURL -->
  <testcase name="@BeforeMethod openURL" time="0.0" classname="tests.HomePageTest">
    <skipped/>
  </testcase> <!-- @BeforeMethod openURL -->
  <testcase name="@BeforeMethod openURL" time="0.0" classname="tests.HomePageTest">
    <skipped/>
  </testcase> <!-- @BeforeMethod openURL -->
  <testcase name="@BeforeMethod openURL" time="0.0" classname="tests.HomePageTest">
    <skipped/>
  </testcase> <!-- @BeforeMethod openURL -->
  <testcase name="@BeforeMethod openURL" time="0.0" classname="tests.HomePageTest">
    <skipped/>
  </testcase> <!-- @BeforeMethod openURL -->
  <testcase name="@BeforeMethod openURL" time="0.0" classname="tests.HomePageTest">
    <skipped/>
  </testcase> <!-- @BeforeMethod openURL -->
  <testcase name="@BeforeMethod openURL" time="0.0" classname="tests.HomePageTest">
    <skipped/>
  </testcase> <!-- @BeforeMethod openURL -->
  <testcase name="@BeforeMethod openURL" time="0.0" classname="tests.HomePageTest">
    <skipped/>
  </testcase> <!-- @BeforeMethod openURL -->
  <testcase name="@BeforeMethod openURL" time="0.0" classname="tests.HomePageTest">
    <skipped/>
  </testcase> <!-- @BeforeMethod openURL -->
  <testcase name="@BeforeMethod openURL" time="0.0" classname="tests.HomePageTest">
    <skipped/>
  </testcase> <!-- @BeforeMethod openURL -->
  <testcase name="verifyValidHomePage" time="0.001" classname="tests.HomePageTest">
    <skipped/>
  </testcase> <!-- verifyValidHomePage -->
  <testcase name="verifySignInAsAuditor" time="0.0" classname="tests.SignInAsAuditorTest">
    <skipped/>
  </testcase> <!-- verifySignInAsAuditor -->
  <testcase name="verifySignInAsFinance" time="0.0" classname="tests.SignInAsFinanceTest">
    <skipped/>
  </testcase> <!-- verifySignInAsFinance -->
  <testcase name="verifySignInAsNbfcManager" time="0.0" classname="tests.SignInAsNbfcMangerTest">
    <skipped/>
  </testcase> <!-- verifySignInAsNbfcManager -->
  <testcase name="verifySignInAsSales" time="0.0" classname="tests.SignInAsSalesTest">
    <skipped/>
  </testcase> <!-- verifySignInAsSales -->
  <testcase name="verifySignInAsScm" time="0.0" classname="tests.SignInAsScmTest">
    <skipped/>
  </testcase> <!-- verifySignInAsScm -->
  <testcase name="verifyApplyForLoan" time="0.001" classname="tests.HomePageTest">
    <skipped/>
  </testcase> <!-- verifyApplyForLoan -->
  <testcase name="verifySignedInUsername" time="0.0" classname="tests.SignInAsFinanceTest">
    <skipped/>
  </testcase> <!-- verifySignedInUsername -->
  <testcase name="verifyIncorrectLogin" time="0.001" classname="tests.HomePageTest">
    <skipped/>
  </testcase> <!-- verifyIncorrectLogin -->
  <testcase name="processAppliedLoan" time="0.0" classname="tests.SignInAsFinanceTest">
    <skipped/>
  </testcase> <!-- processAppliedLoan -->
  <testcase name="verifyContinueOnAccountInfoPage" time="0.0" classname="tests.SignInAsFinanceTest">
    <skipped/>
  </testcase> <!-- verifyContinueOnAccountInfoPage -->
  <testcase name="verifyAutoSlidingOfBanners" time="0.0" classname="tests.HomePageTest">
    <skipped/>
  </testcase> <!-- verifyAutoSlidingOfBanners -->
  <testcase name="verifyRequestCallOnHomePage" time="0.0" classname="tests.HomePageTest">
    <skipped/>
  </testcase> <!-- verifyRequestCallOnHomePage -->
  <testcase name="verifySignInAsFinance" time="0.0" classname="tests.HomePageTest">
    <skipped/>
  </testcase> <!-- verifySignInAsFinance -->
  <testcase name="verifyContinueOnBasicsInfoPage" time="0.0" classname="tests.SignInAsFinanceTest">
    <skipped/>
  </testcase> <!-- verifyContinueOnBasicsInfoPage -->
  <testcase name="verifyBannerImages" time="0.0" classname="tests.HomePageTest">
    <skipped/>
  </testcase> <!-- verifyBannerImages -->
  <testcase name="verifyMyAccountOnHomePage" time="0.0" classname="tests.HomePageTest">
    <skipped/>
  </testcase> <!-- verifyMyAccountOnHomePage -->
  <testcase name="verifySaveAndContinueOnFinancialInfoPage" time="0.0" classname="tests.SignInAsFinanceTest">
    <skipped/>
  </testcase> <!-- verifySaveAndContinueOnFinancialInfoPage -->
  <testcase name="verifySideUpperBanner" time="0.0" classname="tests.HomePageTest">
    <skipped/>
  </testcase> <!-- verifySideUpperBanner -->
  <testcase name="verifyTrackOrderForBlankOrderId" time="0.0" classname="tests.HomePageTest">
    <skipped/>
  </testcase> <!-- verifyTrackOrderForBlankOrderId -->
  <testcase name="enterAccountNoUnderBankStatement" time="0.001" classname="tests.SignInAsFinanceTest">
    <skipped/>
  </testcase> <!-- enterAccountNoUnderBankStatement -->
  <testcase name="selectBankName" time="0.0" classname="tests.SignInAsFinanceTest">
    <skipped/>
  </testcase> <!-- selectBankName -->
  <testcase name="selectMonth" time="0.0" classname="tests.SignInAsFinanceTest">
    <skipped/>
  </testcase> <!-- selectMonth -->
  <testcase name="verifyRegisterButtonLink" time="0.0" classname="tests.HomePageTest">
    <skipped/>
  </testcase> <!-- verifyRegisterButtonLink -->
  <testcase name="selectYear" time="0.0" classname="tests.SignInAsFinanceTest">
    <skipped/>
  </testcase> <!-- selectYear -->
  <testcase name="verifyQuickViewOfProductOnHomePage" time="0.0" classname="tests.HomePageTest">
    <skipped/>
  </testcase> <!-- verifyQuickViewOfProductOnHomePage -->
  <testcase name="selectToMonth" time="0.0" classname="tests.SignInAsFinanceTest">
    <skipped/>
  </testcase> <!-- selectToMonth -->
  <testcase name="verifyAddToCartFromQuickView" time="0.001" classname="tests.HomePageTest">
    <skipped/>
  </testcase> <!-- verifyAddToCartFromQuickView -->
  <testcase name="selectToYear" time="0.0" classname="tests.SignInAsFinanceTest">
    <skipped/>
  </testcase> <!-- selectToYear -->
  <testcase name="verifyProductRedirectionFromQuickView" time="0.001" classname="tests.HomePageTest">
    <skipped/>
  </testcase> <!-- verifyProductRedirectionFromQuickView -->
  <testcase name="clickOnGenerateBankStatement" time="0.0" classname="tests.SignInAsFinanceTest">
    <skipped/>
  </testcase> <!-- clickOnGenerateBankStatement -->
  <testcase name="verifyViewDetailsRedirectionFromQuickView" time="0.001" classname="tests.HomePageTest">
    <skipped/>
  </testcase> <!-- verifyViewDetailsRedirectionFromQuickView -->
  <testcase name="saveBankStatement" time="0.0" classname="tests.SignInAsFinanceTest">
    <skipped/>
  </testcase> <!-- saveBankStatement -->
  <testcase name="submitBankStatement" time="0.0" classname="tests.SignInAsFinanceTest">
    <skipped/>
  </testcase> <!-- submitBankStatement -->
  <testcase name="fetchprobeData" time="0.0" classname="tests.SignInAsFinanceTest">
    <skipped/>
  </testcase> <!-- fetchprobeData -->
  <testcase name="loginAsScm" time="0.0" classname="tests.SignInAsFinanceTest">
    <skipped/>
  </testcase> <!-- loginAsScm -->
</testsuite> <!-- Command line test -->
