<?xml version="1.0" encoding="UTF-8"?>
<testng-results skipped="0" failed="1" total="7" passed="6">
  <reporter-output>
  </reporter-output>
  <suite name="Default suite" duration-ms="75934" started-at="2018-02-13T11:27:40Z" finished-at="2018-02-13T11:28:56Z">
    <groups>
    </groups>
    <test name="Default test" duration-ms="75934" started-at="2018-02-13T11:27:40Z" finished-at="2018-02-13T11:28:56Z">
      <class name="tests.SignInAsSalesTest">
        <test-method status="PASS" signature="initializeBrowser()[pri:0, instance:tests.SignInAsSalesTest@3d285d7e]" name="initializeBrowser" is-config="true" duration-ms="4805" started-at="2018-02-13T16:57:40Z" finished-at="2018-02-13T16:57:44Z">
          <reporter-output>
          </reporter-output>
        </test-method> <!-- initializeBrowser -->
        <test-method status="PASS" signature="openURL()[pri:0, instance:tests.SignInAsSalesTest@3d285d7e]" name="openURL" is-config="true" duration-ms="6322" started-at="2018-02-13T16:57:44Z" finished-at="2018-02-13T16:57:51Z">
          <reporter-output>
          </reporter-output>
        </test-method> <!-- openURL -->
        <test-method status="PASS" signature="verifySignInAsSales()[pri:0, instance:tests.SignInAsSalesTest@3d285d7e]" name="verifySignInAsSales" duration-ms="1227" started-at="2018-02-13T16:57:51Z" description="verify the sign In flow as Sales" finished-at="2018-02-13T16:57:52Z">
          <reporter-output>
          </reporter-output>
        </test-method> <!-- verifySignInAsSales -->
        <test-method status="PASS" signature="verifySignedInUsername()[pri:0, instance:tests.SignInAsSalesTest@3d285d7e]" name="verifySignedInUsername" duration-ms="1982" started-at="2018-02-13T16:57:52Z" description="validate the signedIn user as Sales" finished-at="2018-02-13T16:57:54Z">
          <reporter-output>
          </reporter-output>
        </test-method> <!-- verifySignedInUsername -->
        <test-method status="PASS" signature="verifyFetchingAccountFromCrm()[pri:0, instance:tests.SignInAsSalesTest@3d285d7e]" name="verifyFetchingAccountFromCrm" duration-ms="6404" started-at="2018-02-13T16:57:54Z" description="verify the fetching of account from Suite CRM" finished-at="2018-02-13T16:58:00Z">
          <reporter-output>
          </reporter-output>
        </test-method> <!-- verifyFetchingAccountFromCrm -->
        <test-method status="PASS" signature="verifyAccountInfo()[pri:0, instance:tests.SignInAsSalesTest@3d285d7e]" name="verifyAccountInfo" duration-ms="24728" started-at="2018-02-13T16:58:00Z" description="verify the account info page" finished-at="2018-02-13T16:58:25Z">
          <reporter-output>
          </reporter-output>
        </test-method> <!-- verifyAccountInfo -->
        <test-method status="PASS" signature="enterBasicInfo()[pri:0, instance:tests.SignInAsSalesTest@3d285d7e]" name="enterBasicInfo" duration-ms="16050" started-at="2018-02-13T16:58:25Z" description="Enter the Basic Info details" finished-at="2018-02-13T16:58:41Z">
          <reporter-output>
          </reporter-output>
        </test-method> <!-- enterBasicInfo -->
        <test-method status="PASS" signature="uploadDoc()[pri:0, instance:tests.SignInAsSalesTest@3d285d7e]" name="uploadDoc" duration-ms="10174" started-at="2018-02-13T16:58:41Z" description="Upload file under Document tab" finished-at="2018-02-13T16:58:51Z">
          <reporter-output>
          </reporter-output>
        </test-method> <!-- uploadDoc -->
        <test-method status="FAIL" signature="enterKYCInfo()[pri:0, instance:tests.SignInAsSalesTest@3d285d7e]" name="enterKYCInfo" duration-ms="4149" started-at="2018-02-13T16:58:51Z" description="Enter details under KYC " finished-at="2018-02-13T16:58:56Z">
          <exception class="org.openqa.selenium.ElementNotVisibleException">
            <message>
              <![CDATA[element not visible: Element is not currently visible and may not be manipulated
  (Session info: chrome=64.0.3282.140)
  (Driver info: chromedriver=2.33.506106 (8a06c39c4582fbfbab6966dbb1c38a9173bfb1a2),platform=Mac OS X 10.12.4 x86_64) (WARNING: The server did not provide any stacktrace information)
Command duration or timeout: 29 milliseconds
Build info: version: '2.50.0', revision: '1070ace4650453d518aeb03e7a9a36c9d264a8e7', time: '2016-01-27 10:46:18'
System info: host: 'Apples-Device.local', ip: '192.168.0.191', os.name: 'Mac OS X', os.arch: 'x86_64', os.version: '10.12.4', java.version: '1.8.0_121'
Driver info: org.openqa.selenium.chrome.ChromeDriver
Capabilities [{applicationCacheEnabled=false, rotatable=false, mobileEmulationEnabled=false, networkConnectionEnabled=false, chrome={chromedriverVersion=2.33.506106 (8a06c39c4582fbfbab6966dbb1c38a9173bfb1a2), userDataDir=/var/folders/bw/xtfdwdns7md_j8lb33lszn9h0000gp/T/.org.chromium.Chromium.3K4VC9}, takesHeapSnapshot=true, pageLoadStrategy=normal, databaseEnabled=false, handlesAlerts=true, hasTouchScreen=false, version=64.0.3282.140, platform=MAC, browserConnectionEnabled=false, nativeEvents=true, acceptSslCerts=true, locationContextEnabled=true, webStorageEnabled=true, browserName=chrome, takesScreenshot=true, javascriptEnabled=true, cssSelectorsEnabled=true, setWindowRect=true, unexpectedAlertBehaviour=}]
Session ID: c5652b843f812c8cdd46757f18a2aaca]]>
            </message>
            <full-stacktrace>
              <![CDATA[org.openqa.selenium.ElementNotVisibleException: element not visible: Element is not currently visible and may not be manipulated
  (Session info: chrome=64.0.3282.140)
  (Driver info: chromedriver=2.33.506106 (8a06c39c4582fbfbab6966dbb1c38a9173bfb1a2),platform=Mac OS X 10.12.4 x86_64) (WARNING: The server did not provide any stacktrace information)
Command duration or timeout: 29 milliseconds
Build info: version: '2.50.0', revision: '1070ace4650453d518aeb03e7a9a36c9d264a8e7', time: '2016-01-27 10:46:18'
System info: host: 'Apples-Device.local', ip: '192.168.0.191', os.name: 'Mac OS X', os.arch: 'x86_64', os.version: '10.12.4', java.version: '1.8.0_121'
Driver info: org.openqa.selenium.chrome.ChromeDriver
Capabilities [{applicationCacheEnabled=false, rotatable=false, mobileEmulationEnabled=false, networkConnectionEnabled=false, chrome={chromedriverVersion=2.33.506106 (8a06c39c4582fbfbab6966dbb1c38a9173bfb1a2), userDataDir=/var/folders/bw/xtfdwdns7md_j8lb33lszn9h0000gp/T/.org.chromium.Chromium.3K4VC9}, takesHeapSnapshot=true, pageLoadStrategy=normal, databaseEnabled=false, handlesAlerts=true, hasTouchScreen=false, version=64.0.3282.140, platform=MAC, browserConnectionEnabled=false, nativeEvents=true, acceptSslCerts=true, locationContextEnabled=true, webStorageEnabled=true, browserName=chrome, takesScreenshot=true, javascriptEnabled=true, cssSelectorsEnabled=true, setWindowRect=true, unexpectedAlertBehaviour=}]
Session ID: c5652b843f812c8cdd46757f18a2aaca
	at sun.reflect.NativeConstructorAccessorImpl.newInstance0(Native Method)
	at sun.reflect.NativeConstructorAccessorImpl.newInstance(NativeConstructorAccessorImpl.java:62)
	at sun.reflect.DelegatingConstructorAccessorImpl.newInstance(DelegatingConstructorAccessorImpl.java:45)
	at java.lang.reflect.Constructor.newInstance(Constructor.java:423)
	at org.openqa.selenium.remote.ErrorHandler.createThrowable(ErrorHandler.java:206)
	at org.openqa.selenium.remote.ErrorHandler.throwIfResponseFailed(ErrorHandler.java:158)
	at org.openqa.selenium.remote.RemoteWebDriver.execute(RemoteWebDriver.java:678)
	at org.openqa.selenium.remote.RemoteWebElement.execute(RemoteWebElement.java:327)
	at org.openqa.selenium.remote.RemoteWebElement.click(RemoteWebElement.java:85)
	at org.openqa.selenium.support.ui.Select.setSelected(Select.java:295)
	at org.openqa.selenium.support.ui.Select.selectByIndex(Select.java:179)
	at pages.SignInAsSales.selectCompanyType(SignInAsSales.java:265)
	at tests.SignInAsSalesTest.enterKYCInfo(SignInAsSalesTest.java:116)
	at sun.reflect.NativeMethodAccessorImpl.invoke0(Native Method)
	at sun.reflect.NativeMethodAccessorImpl.invoke(NativeMethodAccessorImpl.java:62)
	at sun.reflect.DelegatingMethodAccessorImpl.invoke(DelegatingMethodAccessorImpl.java:43)
	at java.lang.reflect.Method.invoke(Method.java:498)
	at org.testng.internal.MethodInvocationHelper.invokeMethod(MethodInvocationHelper.java:84)
	at org.testng.internal.Invoker.invokeMethod(Invoker.java:714)
	at org.testng.internal.Invoker.invokeTestMethod(Invoker.java:901)
	at org.testng.internal.Invoker.invokeTestMethods(Invoker.java:1231)
	at org.testng.internal.TestMethodWorker.invokeTestMethods(TestMethodWorker.java:127)
	at org.testng.internal.TestMethodWorker.run(TestMethodWorker.java:111)
	at org.testng.TestRunner.privateRun(TestRunner.java:767)
	at org.testng.TestRunner.run(TestRunner.java:617)
	at org.testng.SuiteRunner.runTest(SuiteRunner.java:348)
	at org.testng.SuiteRunner.runSequentially(SuiteRunner.java:343)
	at org.testng.SuiteRunner.privateRun(SuiteRunner.java:305)
	at org.testng.SuiteRunner.run(SuiteRunner.java:254)
	at org.testng.SuiteRunnerWorker.runSuite(SuiteRunnerWorker.java:52)
	at org.testng.SuiteRunnerWorker.run(SuiteRunnerWorker.java:86)
	at org.testng.TestNG.runSuitesSequentially(TestNG.java:1224)
	at org.testng.TestNG.runSuitesLocally(TestNG.java:1149)
	at org.testng.TestNG.run(TestNG.java:1057)
	at org.testng.remote.AbstractRemoteTestNG.run(AbstractRemoteTestNG.java:132)
	at org.testng.remote.RemoteTestNG.initAndRun(RemoteTestNG.java:230)
	at org.testng.remote.RemoteTestNG.main(RemoteTestNG.java:76)
]]>
            </full-stacktrace>
          </exception> <!-- org.openqa.selenium.ElementNotVisibleException -->
          <reporter-output>
          </reporter-output>
        </test-method> <!-- enterKYCInfo -->
      </class> <!-- tests.SignInAsSalesTest -->
    </test> <!-- Default test -->
  </suite> <!-- Default suite -->
</testng-results>
